{
  "RSpec": {
    "coverage": {
      "/Users/student/Projects/Week10/GildedRose-Refactoring-Kata/spec/gilded_rose_spec.rb": {
        "lines": [
          1,
          1,
          null,
          1,
          null,
          1,
          null,
          1,
          1,
          null,
          1,
          1,
          1,
          1,
          null,
          null,
          1,
          1,
          1,
          1,
          1,
          null,
          null,
          1,
          1,
          6,
          null,
          1,
          1,
          null,
          null,
          1,
          1,
          1,
          1,
          1,
          1,
          null,
          null,
          1,
          1,
          1,
          1,
          1,
          null,
          null,
          1,
          1,
          1,
          21,
          null,
          1,
          1,
          null,
          null,
          null,
          null,
          null,
          null,
          null,
          null,
          null,
          null,
          null,
          null,
          null,
          null,
          null,
          null,
          null,
          null,
          null,
          null,
          null,
          null,
          null,
          null,
          null,
          null,
          null,
          null,
          null,
          null,
          null,
          null,
          null,
          null,
          null,
          null,
          null,
          null,
          null,
          null,
          null,
          null,
          null,
          null,
          null,
          null,
          null,
          null,
          null,
          null,
          null,
          null,
          null,
          null,
          null,
          null,
          null,
          null,
          null,
          null,
          null
        ]
      },
      "/Users/student/Projects/Week10/GildedRose-Refactoring-Kata/lib/gilded_rose.rb": {
        "lines": [
          1,
          1,
          null,
          1,
          1,
          1,
          1,
          null,
          1,
          30,
          null,
          null,
          1,
          30,
          null,
          null,
          30,
          30,
          null,
          null,
          null,
          30,
          23,
          23,
          23,
          23,
          23,
          23,
          23,
          23,
          23,
          null,
          null,
          30,
          null,
          null,
          null,
          null,
          null,
          1,
          30,
          null,
          null,
          1,
          60,
          null,
          null,
          1,
          30,
          null,
          null,
          1,
          30,
          null,
          null,
          1,
          30,
          null,
          null,
          1,
          30,
          null,
          null,
          null,
          null,
          null,
          null,
          null,
          null,
          null,
          null,
          null,
          null,
          null,
          null,
          null,
          null,
          null,
          null,
          null,
          null,
          null,
          null,
          null,
          null,
          null,
          null,
          null,
          null,
          null,
          null,
          null,
          null,
          null,
          null,
          null,
          null,
          null,
          null,
          null,
          null,
          null,
          null,
          null,
          null,
          null,
          null,
          null,
          null,
          null,
          null,
          null,
          null,
          null,
          null,
          null,
          null,
          null,
          null,
          null,
          null,
          null,
          null,
          null
        ]
      },
      "/Users/student/Projects/Week10/GildedRose-Refactoring-Kata/lib/items.rb": {
        "lines": [
          1,
          1,
          null,
          1,
          7,
          7,
          7,
          null,
          null,
          1,
          0,
          null,
          null
        ]
      },
      "/Users/student/Projects/Week10/GildedRose-Refactoring-Kata/spec/items_spec.rb": {
        "lines": [
          1,
          null,
          1,
          null,
          1,
          1,
          1,
          1,
          1,
          null,
          null
        ]
      }
    },
    "timestamp": 1589568410
  }
}
